TestCallApi/app/build/intermediates/manifest_merge_blame_file/debug/manifest-merger-blame-debug-report.txt
1<?xml version="1.0" encoding="utf-8"?>
2<manifest xmlns:android="http://schemas.android.com/apk/res/android"
3    package="com.freesongs.testcallapi"
4    android:versionCode="1"
5    android:versionName="1.0" >
6
7    <uses-sdk
8        android:minSdkVersion="29"
8-->src\main\AndroidManifest.xml
9        android:targetSdkVersion="32" />
9-->src\main\AndroidManifest.xml
10
11    <uses-permission android:name="android.permission.INTERNET" />
11-->src\main\AndroidManifest.xml:5:5-66
11-->src\main\AndroidManifest.xml:5:22-64
12
13    <application
13-->src\main\AndroidManifest.xml:7:5-31:19
14        android:allowBackup="true"
14-->src\main\AndroidManifest.xml:9:9-35
15        android:appComponentFactory="androidx.core.app.CoreComponentFactory"
15-->[androidx.core:core:1.8.0] AndroidManifest.xml:24:18-86
16        android:dataExtractionRules="@xml/data_extraction_rules"
16-->src\main\AndroidManifest.xml:10:9-65
17        android:debuggable="true"
18        android:extractNativeLibs="false"
19        android:fullBackupContent="@xml/backup_rules"
19-->src\main\AndroidManifest.xml:11:9-54
20        android:icon="@mipmap/ic_launcher"
20-->src\main\AndroidManifest.xml:12:9-43
21        android:label="@string/app_name"
21-->src\main\AndroidManifest.xml:13:9-41
22        android:roundIcon="@mipmap/ic_launcher_round"
22-->src\main\AndroidManifest.xml:14:9-54
23        android:supportsRtl="true"
23-->src\main\AndroidManifest.xml:15:9-35
24        android:testOnly="true"
25        android:theme="@style/Theme.TestCallApi"
25-->src\main\AndroidManifest.xml:16:9-49
26        android:usesCleartextTraffic="true" >
26-->src\main\AndroidManifest.xml:8:9-44
27        <activity
27-->src\main\AndroidManifest.xml:18:9-30:20
28            android:name="com.freesongs.testcallapi.MainActivity"
28-->src\main\AndroidManifest.xml:19:13-41
29            android:exported="true" >
29-->src\main\AndroidManifest.xml:20:13-36
30            <intent-filter>
30-->src\main\AndroidManifest.xml:21:13-25:29
31                <action android:name="android.intent.action.MAIN" />
31-->src\main\AndroidManifest.xml:22:17-69
31-->src\main\AndroidManifest.xml:22:25-66
32
33                <category android:name="android.intent.category.LAUNCHER" />
33-->src\main\AndroidManifest.xml:24:17-77
33-->src\main\AndroidManifest.xml:24:27-74
34            </intent-filter>
35
36            <meta-data
36-->src\main\AndroidManifest.xml:27:13-29:36
37                android:name="android.app.lib_name"
37-->src\main\AndroidManifest.xml:28:17-52
38                android:value="" />
38-->src\main\AndroidManifest.xml:29:17-33
39        </activity>
40
41        <provider
41-->[androidx.emoji2:emoji2:1.2.0] AndroidManifest.xml:24:9-32:20
42            android:name="androidx.startup.InitializationProvider"
42-->[androidx.emoji2:emoji2:1.2.0] AndroidManifest.xml:25:13-67
43            android:authorities="com.freesongs.testcallapi.androidx-startup"
43-->[androidx.emoji2:emoji2:1.2.0] AndroidManifest.xml:26:13-68
44            android:exported="false" >
44-->[androidx.emoji2:emoji2:1.2.0] AndroidManifest.xml:27:13-37
45            <meta-data
45-->[androidx.emoji2:emoji2:1.2.0] AndroidManifest.xml:29:13-31:52
46                android:name="androidx.emoji2.text.EmojiCompatInitializer"
46-->[androidx.emoji2:emoji2:1.2.0] AndroidManifest.xml:30:17-75
47                android:value="androidx.startup" />
47-->[androidx.emoji2:emoji2:1.2.0] AndroidManifest.xml:31:17-49
48            <meta-data
48-->[androidx.lifecycle:lifecycle-process:2.4.1] AndroidManifest.xml:31:13-33:52
49                android:name="androidx.lifecycle.ProcessLifecycleInitializer"
49-->[androidx.lifecycle:lifecycle-process:2.4.1] AndroidManifest.xml:32:17-78
50                android:value="androidx.startup" />
50-->[androidx.lifecycle:lifecycle-process:2.4.1] AndroidManifest.xml:33:17-49
51        </provider>
52    </application>
53
54</manifest>